Arguments: 
  C:\Program Files\nodejs\node.exe C:\Users\kumar\AppData\Roaming\npm\node_modules\node_modules\yarn\bin\yarn.js init

PATH: 
  C:\ProgramData\DockerDesktop\version-bin;C:\Program Files\Docker\Docker\Resources\bin;C:\bin;C:\Program Files\Git\cmd;C:\Program Files\Git\mingw64\bin;C:\Users\kumar\.windows-build-tools\python27\;C:\Users\kumar\.windows-build-tools\python27\Scripts;C:\Program Files\Java\jre1.8.0_151\bin;C:\WINDOWS\system32;C:\WINDOWS;C:\WINDOWS\System32\Wbem;C:\WINDOWS\System32\WindowsPowerShell\v1.0\;C:\WINDOWS\System32\WindowsPowerShell\v1.0\;C:\Users\kumar\AppData\Roaming\npm;C:\Users\kumar\AppData\Roaming\npm\node_modules;C:\Users\kumar\.windows-build-tools\python27;C:\Users\kumar\AppData\Local\Programs\Python\Python35;C:\ProgramData\Anaconda3;C:\ProgramData\Anaconda3\Scripts;C:\ProgramData\Anaconda3\Library\bin;C:\HashiCorp\Vagrant\bin;C:\Program Files\Intel\WiFi\bin\;C:\Program Files\Common Files\Intel\WirelessCommon\;C:\Program Files\Cloud Foundry;C:\Program Files\Microsoft VS Code\bin;C:\Program Files\Amazon\AWSCLI\;C:\Program Files\CMake\bin;C:\Program Files\dotnet\;C:\Program Files\Microsoft SQL Server\130\Tools\Binn\;C:\Program Files\PuTTY\;c:\Program files\git\bin;C:\Program Files (x86)\Yarn\bin\;C:\Program Files\nodejs\;C:\Program Files\Pandoc\;C:\gradle\gradle-5.5\bin;C:\Users\kumar\AppData\Roaming\npm\node_modules\bin;c:\cygwin\bin;C:\Users\kumar\AppData\Roaming\Dashlane\6.1848.0.15588\bin\Firefox_Extension\{442718d9-475e-452a-b3e1-fb1ee16b8e9f}\components;C:\Users\kumar\AppData\Roaming\Dashlane\6.1848.0.15588\ucrt;C:\Users\kumar\AppData\Roaming\Dashlane\6.1848.0.15588\bin\Qt;C:\Users\kumar\AppData\Roaming\Dashlane\6.1848.0.15588\bin\Ssl;\\ronco\public\dnt\tools;\\ronco\public\dnt\tools\inetW7\bin;C:\Users\kumar\AppData\Local\Programs\Microsoft VS Code\bin;C:\Users\kumar\AppData\Local\Yarn\bin;C:\Users\kumar\AppData\Roaming\Dashlane\6.1907.0.17833\bin\Firefox_Extension\{442718d9-475e-452a-b3e1-fb1ee16b8e9f}\components;C:\Users\kumar\AppData\Roaming\Dashlane\6.1907.0.17833\ucrt;C:\Users\kumar\AppData\Roaming\Dashlane\6.1907.0.17833\bin\Qt;C:\Users\kumar\AppData\Roaming\Dashlane\6.1907.0.17833\bin\Ssl;C:\Users\kumar\AppData\Roaming\npm;C:\Users\kumar\AppData\Roaming\npm\node_modules\bin;

Yarn version: 
  1.17.3

Node version: 
  10.16.0

Platform: 
  win32 x64

Trace: 
  Error: canceled
      at Interface.<anonymous> (C:\Users\kumar\AppData\Roaming\npm\node_modules\node_modules\yarn\lib\cli.js:136724:13)
      at Interface.emit (events.js:198:13)
      at Interface._ttyWrite (readline.js:801:16)
      at ReadStream.onkeypress (readline.js:184:10)
      at ReadStream.emit (events.js:198:13)
      at emitKeys (internal/readline.js:424:14)
      at emitKeys.next (<anonymous>)
      at ReadStream.onData (readline.js:1075:36)
      at ReadStream.emit (events.js:198:13)
      at addChunk (_stream_readable.js:288:12)

npm manifest: 
  {
    "name": "restaf-demos",
    "version": "0.8.0",
    "description": "nodejs demos for restaf",
    "main": "index.js",
    "scripts": {
      "runAPI": "node runAPI",
      "debugAPI": "node --inspect-brk runAPI",
      "test": "cd ./packages/samples && node"
    },
    "repository": "https://github.com/sassoftware/restaf-demos",
    "keywords": [
      "restaf",
      "http",
      "REST",
      "AWS",
      "Lamda",
      "serverless"
    ],
    "author": "Deva Kumaraswamy <deva.kumar@sas.com>",
    "license": "Apache-2.0",
    "bugs": {
      "url": "https://github.com/sassoftware/restaf-demos/issues"
    },
    "homepage": "https://github.com/sassoftware/restaf-demos#readme",
    "private": true,
    "workspaces": [
      "packages/*"
    ],
    "nohoist": [
      "**/serverless-*/**"
    ]
  }

yarn manifest: 
  No manifest

Lockfile: 
  No lockfile
